{"message":"Correcto","level":"info"}
{"message":"Correcto","level":"info"}
{"message":"Correcto","level":"info"}
undefined
undefined
info: Correcto
info: Correcto
info: Correcto
info: Correcto
info: Correcto {"timestamp":"2020-08-22T01:42:04.785Z"}
info: El usuario no ingreso email y contraseña {"timestamp":"2020-08-22T02:17:03.700Z"}
info: Correcto {"timestamp":"2020-08-29T07:13:04.864Z"}
<<<<<<< HEAD
info: se encontro la organizacion {"timestamp":"2020-09-09T03:41:24.300Z"}
info: se encontro la organizacion {"timestamp":"2020-09-09T04:06:27.917Z"}
info: se encontro la organizacion {"timestamp":"2020-09-09T05:45:48.555Z"}
info: se encontro la organizacion {"timestamp":"2020-09-09T05:48:47.854Z"}
info: Autenticación de usuario fallida {"timestamp":"2020-09-09T21:34:56.316Z"}
info: Autenticación de usuario fallida {"timestamp":"2020-09-09T21:35:02.980Z"}
info: Autenticación de usuario fallida {"timestamp":"2020-09-09T21:35:08.665Z"}
info: Autenticación de usuario fallida {"timestamp":"2020-09-09T21:35:19.132Z"}
info: Autenticación de usuario fallida {"timestamp":"2020-09-09T21:35:24.125Z"}
info: Autenticación de usuario fallida {"timestamp":"2020-09-09T21:35:37.463Z"}
=======
info: Autenticación de usuario fallida {"timestamp":"2020-09-09T08:40:54.978Z"}
info: name is not defined {"timestamp":"2020-09-09T18:22:52.613Z"}
info: Schema hasn't been registered for model "lastname".
Use mongoose.model(name, schema) {"timestamp":"2020-09-09T18:24:25.043Z"}
info: {(intermediate value)(intermediate value)}.populate is not a function {"timestamp":"2020-09-09T18:33:12.077Z"}
info: "doctor".populate is not a function {"timestamp":"2020-09-09T18:33:44.069Z"}
info: El auntenticacion del usuario fallo : password incorrecto {"timestamp":"2020-09-09T22:18:05.224Z"}
info: El auntenticacion del usuario fallo : password incorrecto {"timestamp":"2020-09-09T22:18:33.057Z"}
>>>>>>> 12f8adbdd7e1ae8a8c62931ec6ba89fee2a4aff6
info: El auntenticacion del usuario fallo {"timestamp":"2020-09-10T04:07:36.781Z"}
info: Options must be an object, got "12:00" {"timestamp":"2020-09-11T06:40:34.719Z"}
info: Options must be an object, got "11:00" {"timestamp":"2020-09-11T06:45:52.514Z"}
info: Autenticación de usuario fallida {"timestamp":"2020-09-11T17:28:31.165Z"}
info: estado is not defined {"timestamp":"2020-09-13T06:57:23.791Z"}
info: path must be a string or object {"timestamp":"2020-09-13T06:57:48.650Z"}
info: path must be a string or object {"timestamp":"2020-09-13T06:58:57.408Z"}
info: estado is not defined {"timestamp":"2020-09-13T07:00:20.666Z"}
info: "estado".equals is not a function {"timestamp":"2020-09-13T07:00:34.990Z"}
info: false.populate is not a function {"timestamp":"2020-09-13T07:01:49.705Z"}
info: "estado".equals is not a function {"timestamp":"2020-09-13T07:04:17.914Z"}
info: "estado".equals is not a function {"timestamp":"2020-09-13T07:04:43.301Z"}
info: Cast to ObjectId failed for value "452752" at path "_id" for model "Cita" {"stringValue":"\"452752\"","kind":"ObjectId","value":"452752","path":"_id","reason":{},"timestamp":"2020-09-16T04:32:13.494Z"}
info: Cast to ObjectId failed for value "452752" at path "_id" for model "Cita" {"stringValue":"\"452752\"","kind":"ObjectId","value":"452752","path":"_id","reason":{},"timestamp":"2020-09-16T04:32:48.189Z"}
info: El auntenticacion del usuario fallo {"timestamp":"2020-09-16T04:38:16.892Z"}
info: El auntenticacion del usuario fallo : password incorrecto {"timestamp":"2020-09-16T04:38:36.989Z"}
